--- Startup times for process: Primary (or UI client) ---

times in msec
 clock   self+sourced   self:  sourced script
 clock   elapsed:              other lines

000.000  000.000: --- NVIM STARTING ---
000.097  000.097: event init
000.150  000.052: early init
000.172  000.023: locale set
000.198  000.025: init first window
000.442  000.244: inits 1
000.451  000.009: window checked
000.453  000.002: parsing arguments
000.780  000.029  000.029: require('vim.shared')
000.838  000.023  000.023: require('vim.inspect')
000.873  000.028  000.028: require('vim._options')
000.874  000.092  000.041: require('vim._editor')
000.874  000.136  000.016: require('vim._init_packages')
000.875  000.285: init lua interpreter
000.906  000.031: expanding arguments
000.922  000.017: inits 2
001.126  000.204: init highlight
001.146  000.019: clear screen
001.289  000.022  000.022: require('vim.keymap')
001.778  000.075  000.075: sourcing nvim_exec2()
001.852  000.703  000.606: require('vim._defaults')
001.853  000.005: init default mappings & autocommands
002.388  000.031  000.031: sourcing /usr/share/nvim/runtime/ftplugin.vim
002.425  000.013  000.013: sourcing /usr/share/nvim/runtime/indent.vim
002.505  000.040  000.040: sourcing /usr/share/nvim/archlinux.lua
002.506  000.057  000.016: sourcing /etc/xdg/nvim/sysinit.vim
002.970  000.357  000.357: require('config.options')
003.162  000.191  000.191: require('config.keymaps')
003.193  000.030  000.030: require('config.autocmds')
003.262  000.068  000.068: require('config.bitwarden')
003.331  000.069  000.069: require('lazy')
003.376  000.039  000.039: require('ffi')
003.398  000.012  000.012: require('vim.fs')
003.456  000.057  000.057: require('vim.uri')
003.463  000.085  000.017: require('vim.loader')
003.536  000.064  000.064: require('lazy.stats')
003.624  000.075  000.075: require('lazy.core.util')
003.710  000.085  000.085: require('lazy.core.config')
003.829  000.055  000.055: require('lazy.core.handler')
004.134  000.088  000.088: require('lazy.pkg')
004.142  000.250  000.163: require('lazy.core.meta')
004.147  000.317  000.067: require('lazy.core.plugin')
004.154  000.443  000.071: require('lazy.core.loader')
004.557  000.027  000.027: require('lazy.async')
004.625  000.036  000.036: require('lazy.manage.process')
004.653  000.027  000.027: require('lazy.terminal')
004.655  000.096  000.033: require('lazy.manage.task')
004.657  000.150  000.027: require('lazy.manage.runner')
004.658  000.213  000.062: require('lazy.manage')
004.660  000.337  000.125: require('lazy.view.commands')
004.704  000.034  000.034: require('lazy.core.fragments')
006.083  000.060  000.060: require('lazy.core.handler.keys')
006.135  000.049  000.049: require('lazy.core.handler.event')
006.165  000.028  000.028: require('lazy.core.handler.ft')
006.204  000.038  000.038: require('lazy.core.handler.cmd')
006.494  000.003  000.003: sourcing nvim_exec2() called at /home/theo/.config/nvim/init.lua:0
006.503  000.001  000.001: sourcing nvim_exec2() called at /home/theo/.config/nvim/init.lua:0
006.647  000.001  000.001: sourcing nvim_exec2() called at /home/theo/.config/nvim/init.lua:0
006.656  000.001  000.001: sourcing nvim_exec2() called at /home/theo/.config/nvim/init.lua:0
006.662  000.001  000.001: sourcing nvim_exec2() called at /home/theo/.config/nvim/init.lua:0
006.733  000.014  000.014: sourcing /home/theo/.local/share/nvim/lazy/vimtex/ftdetect/cls.vim
006.736  000.035  000.021: sourcing nvim_exec2() called at /home/theo/.config/nvim/init.lua:0
006.763  000.009  000.009: sourcing /home/theo/.local/share/nvim/lazy/vimtex/ftdetect/tex.vim
006.765  000.027  000.018: sourcing nvim_exec2() called at /home/theo/.config/nvim/init.lua:0
006.807  000.008  000.008: sourcing /home/theo/.local/share/nvim/lazy/vimtex/ftdetect/tikz.vim
006.809  000.025  000.017: sourcing nvim_exec2() called at /home/theo/.config/nvim/init.lua:0
006.811  000.001  000.001: sourcing nvim_exec2() called at /home/theo/.config/nvim/init.lua:0
007.066  000.088  000.088: sourcing nvim_exec2() called at /usr/share/nvim/runtime/filetype.lua:0
007.069  000.146  000.058: sourcing /usr/share/nvim/runtime/filetype.lua
007.071  000.163  000.017: sourcing nvim_exec2() called at /home/theo/.config/nvim/init.lua:0
007.130  000.001  000.001: sourcing nvim_exec2() called at /home/theo/.config/nvim/init.lua:0
007.135  000.001  000.001: sourcing nvim_exec2() called at /home/theo/.config/nvim/init.lua:0
007.466  000.329  000.329: require('catppuccin')
007.762  000.067  000.067: require('catppuccin.lib.hashing')
009.743  000.875  000.875: sourcing /home/theo/.local/share/nvim/lazy/catppuccin/colors/catppuccin-mocha.vim
009.818  000.002  000.002: sourcing nvim_exec2() called at /home/theo/.config/nvim/init.lua:0
009.824  000.001  000.001: sourcing nvim_exec2() called at /home/theo/.config/nvim/init.lua:0
010.061  000.015  000.015: sourcing /home/theo/.local/share/nvim/lazy/plenary.nvim/plugin/plenary.vim
010.064  000.036  000.021: sourcing nvim_exec2() called at /home/theo/.config/nvim/init.lua:0
010.068  000.001  000.001: sourcing nvim_exec2() called at /home/theo/.config/nvim/init.lua:0
010.075  000.001  000.001: sourcing nvim_exec2() called at /home/theo/.config/nvim/init.lua:0
010.114  000.010  000.010: sourcing /home/theo/.local/share/nvim/lazy/todo-comments.nvim/plugin/todo.vim
010.116  000.028  000.018: sourcing nvim_exec2() called at /home/theo/.config/nvim/init.lua:0
010.118  000.001  000.001: sourcing nvim_exec2() called at /home/theo/.config/nvim/init.lua:0
010.123  000.001  000.001: sourcing nvim_exec2() called at /home/theo/.config/nvim/init.lua:0
010.512  000.028  000.028: require('todo-comments.util')
010.516  000.089  000.060: require('todo-comments.config')
010.564  000.025  000.025: require('todo-comments.highlight')
010.566  000.048  000.023: require('todo-comments.jump')
010.567  000.311  000.174: require('todo-comments')
010.694  000.002  000.002: sourcing nvim_exec2() called at /home/theo/.config/nvim/init.lua:0
010.700  000.001  000.001: sourcing nvim_exec2() called at /home/theo/.config/nvim/init.lua:0
010.784  000.001  000.001: sourcing nvim_exec2() called at /home/theo/.config/nvim/init.lua:0
010.788  000.001  000.001: sourcing nvim_exec2() called at /home/theo/.config/nvim/init.lua:0
010.896  000.001  000.001: sourcing nvim_exec2() called at /home/theo/.config/nvim/init.lua:0
010.901  000.000  000.000: sourcing nvim_exec2() called at /home/theo/.config/nvim/init.lua:0
011.011  000.047  000.047: sourcing /home/theo/.local/share/nvim/lazy/nvim-dap/plugin/dap.lua
011.013  000.067  000.021: sourcing nvim_exec2() called at /home/theo/.config/nvim/init.lua:0
011.016  000.001  000.001: sourcing nvim_exec2() called at /home/theo/.config/nvim/init.lua:0
011.029  000.001  000.001: sourcing nvim_exec2() called at /home/theo/.config/nvim/init.lua:0
011.836  000.072  000.072: require('dap.utils')
011.889  000.859  000.787: require('dap')
012.014  000.046  000.046: require('nio.tasks')
012.059  000.045  000.045: require('nio.control')
012.226  000.166  000.166: require('nio.uv')
012.262  000.034  000.034: require('nio.tests')
012.339  000.049  000.049: require('vim.ui')
012.359  000.096  000.047: require('nio.ui')
012.429  000.033  000.033: require('nio.streams')
012.431  000.072  000.039: require('nio.file')
012.528  000.028  000.028: require('nio.util')
012.606  000.071  000.071: require('vim.iter')
012.624  000.160  000.060: require('nio.logger')
012.628  000.197  000.037: require('nio.lsp')
012.662  000.032  000.032: require('nio.process')
012.669  000.734  000.046: require('nio')
013.094  000.008  000.008: sourcing nvim_exec2() called at /home/theo/.config/nvim/init.lua:0
013.100  000.101  000.093: require('dapui.config.highlights')
013.122  000.017  000.017: sourcing nvim_exec2() called at /home/theo/.config/nvim/init.lua:0
013.154  000.386  000.268: require('dapui.config')
013.162  000.446  000.060: require('dapui.util')
013.296  000.133  000.133: require('dapui.windows.layout')
013.304  000.634  000.055: require('dapui.windows')
013.371  000.066  000.066: require('dapui.controls')
013.384  001.494  000.060: require('dapui')
013.719  000.003  000.003: sourcing nvim_exec2() called at /home/theo/.config/nvim/init.lua:0
013.744  000.001  000.001: sourcing nvim_exec2() called at /home/theo/.config/nvim/init.lua:0
013.958  000.020  000.020: require('mason-core.path')
014.034  000.019  000.019: require('mason-core.functional.data')
014.059  000.024  000.024: require('mason-core.functional.function')
014.097  000.035  000.035: require('mason-core.functional.list')
014.123  000.022  000.022: require('mason-core.functional.relation')
014.145  000.021  000.021: require('mason-core.functional.logic')
014.168  000.020  000.020: require('mason-core.functional.number')
014.207  000.037  000.037: require('mason-core.functional.string')
014.230  000.020  000.020: require('mason-core.functional.table')
014.252  000.020  000.020: require('mason-core.functional.type')
014.253  000.265  000.048: require('mason-core.functional')
014.266  000.307  000.041: require('mason-core.platform')
014.293  000.026  000.026: require('mason.settings')
014.295  000.410  000.057: require('mason-core.installer.InstallLocation')
014.370  000.034  000.034: require('mason-core.log')
014.371  000.053  000.019: require('mason-core.EventEmitter')
014.400  000.028  000.028: require('mason-registry.sources')
014.402  000.106  000.026: require('mason-registry')
014.403  000.648  000.131: require('mason')
014.580  000.059  000.059: require('mason.api.command')
014.586  001.171  000.461: require('mason-core.log')
014.588  001.202  000.031: require('mason-nvim-dap')
014.622  000.033  000.033: require('mason-nvim-dap.settings')
014.696  000.020  000.020: require('mason-core.optional')
014.718  000.021  000.021: require('mason-nvim-dap.mappings.source')
014.719  000.071  000.030: require('mason-nvim-dap.ensure_installed')
014.745  000.025  000.025: require('mason-core.async')
014.785  000.021  000.021: require('mason-core.async.control')
014.805  000.019  000.019: require('mason-core.result')
014.842  000.016  000.016: require('mason-core.async.uv')
014.844  000.038  000.023: require('mason-core.fs')
014.851  000.105  000.027: require('mason-registry.installer')
015.013  000.047  000.047: require('mason-core.process')
015.037  000.023  000.023: require('mason-core.spawn')
015.039  000.091  000.020: require('mason-core.installer.managers.powershell')
015.055  000.015  000.015: require('mason.version')
015.056  000.128  000.022: require('mason-core.fetch')
015.073  000.016  000.016: require('mason-core.providers')
015.192  000.059  000.059: require('mason-core.purl')
015.197  000.085  000.027: require('mason-core.package.AbstractPackage')
015.351  000.034  000.034: require('mason-core.installer.compiler.expr')
015.358  000.082  000.048: require('mason-core.installer.compiler.link')
015.550  000.045  000.045: require('mason-core.installer.context.InstallContextCwd')
015.589  000.038  000.038: require('mason-core.installer.context.InstallContextFs')
015.617  000.027  000.027: require('mason-core.installer.context.InstallContextSpawn')
015.668  000.050  000.050: require('mason-core.receipt')
015.691  000.238  000.078: require('mason-core.installer.context')
015.694  000.271  000.032: require('mason-core.installer')
015.707  000.321  000.050: require('mason-core.installer.managers.std')
015.708  000.349  000.029: require('mason-core.installer.compiler.schemas')
015.748  000.039  000.039: require('mason-core.installer.compiler.util')
015.755  000.516  000.046: require('mason-core.installer.compiler')
015.804  000.048  000.048: require('mason-core.installer.linker')
015.806  000.608  000.044: require('mason-core.installer.InstallRunner')
015.845  000.038  000.038: require('mason-core.installer.UninstallRunner')
015.849  000.760  000.029: require('mason-core.package')
015.851  000.777  000.017: require('mason-registry.sources.util')
015.860  000.956  000.034: require('mason-registry.sources.github')
018.417  000.012  000.012: require('vim.F')
018.488  000.067  000.067: require('mason-nvim-dap.automatic_installation')
018.568  000.076  000.076: require('dap.ext.vscode')
018.616  000.046  000.046: require('mason-nvim-dap.mappings.filetypes')
018.765  000.039  000.039: require('mason-core.notify')
018.780  000.109  000.070: require('mason-nvim-dap.api.command')
019.023  000.029  000.029: sourcing nvim_exec2() called at /home/theo/.config/nvim/init.lua:0
019.286  000.098  000.098: require('dapui.client.types')
019.290  000.181  000.083: require('dapui.client')
019.350  000.059  000.059: require('dap.breakpoints')
019.399  000.041  000.041: require('dapui.client.lib')
019.507  000.060  000.060: require('dapui.render.canvas')
019.510  000.100  000.039: require('dapui.elements.breakpoints')
019.574  000.050  000.050: require('dapui.components.breakpoints')
019.636  000.037  000.037: require('dapui.elements.repl')
019.673  000.035  000.035: require('dapui.elements.scopes')
019.721  000.034  000.034: require('dapui.components.scopes')
019.832  000.110  000.110: require('dapui.components.variables')
019.944  000.065  000.065: require('dapui.elements.stacks')
020.125  000.095  000.095: require('dapui.components.frames')
020.131  000.160  000.065: require('dapui.components.threads')
020.239  000.052  000.052: require('dapui.elements.watches')
020.395  000.092  000.092: require('dapui.components.watches')
020.445  000.033  000.033: require('dapui.elements.hover')
020.486  000.028  000.028: require('dapui.components.hover')
020.516  000.027  000.027: require('dapui.elements.console')
020.646  000.026  000.026: require('plugins.dap.languages.cpp')
020.678  000.025  000.025: require('plugins.dap.languages.python')
020.748  000.069  000.069: require('dap-python')
020.894  000.044  000.044: require('dap.ui')
020.902  000.115  000.071: require('dap.repl')
021.181  000.017  000.017: sourcing /home/theo/.local/share/nvim/lazy/nvim-web-devicons/plugin/nvim-web-devicons.vim
021.185  000.044  000.027: sourcing nvim_exec2() called at /home/theo/.config/nvim/init.lua:0
021.188  000.001  000.001: sourcing nvim_exec2() called at /home/theo/.config/nvim/init.lua:0
021.194  000.001  000.001: sourcing nvim_exec2() called at /home/theo/.config/nvim/init.lua:0
021.200  000.001  000.001: sourcing nvim_exec2() called at /home/theo/.config/nvim/init.lua:0
021.204  000.000  000.000: sourcing nvim_exec2() called at /home/theo/.config/nvim/init.lua:0
021.545  000.043  000.043: require('lualine_require')
021.704  000.465  000.422: require('lualine')
021.805  000.006  000.006: sourcing nvim_exec2() called at /home/theo/.config/nvim/init.lua:0
021.990  000.028  000.028: require('catppuccin.utils.lualine')
022.023  000.032  000.032: require('catppuccin.palettes')
022.044  000.020  000.020: require('catppuccin.palettes.mocha')
022.241  000.003  000.003: sourcing nvim_exec2() called at /home/theo/.config/nvim/init.lua:0
022.248  000.002  000.002: sourcing nvim_exec2() called at /home/theo/.config/nvim/init.lua:0
022.253  000.002  000.002: sourcing nvim_exec2() called at /home/theo/.config/nvim/init.lua:0
022.257  000.001  000.001: sourcing nvim_exec2() called at /home/theo/.config/nvim/init.lua:0
022.334  000.002  000.002: sourcing nvim_exec2() called at /home/theo/.config/nvim/init.lua:0
022.339  000.001  000.001: sourcing nvim_exec2() called at /home/theo/.config/nvim/init.lua:0
022.343  000.001  000.001: sourcing nvim_exec2() called at /home/theo/.config/nvim/init.lua:0
022.380  000.016  000.016: sourcing nvim_exec2() called at /home/theo/.config/nvim/init.lua:0
022.384  000.001  000.001: sourcing nvim_exec2() called at /home/theo/.config/nvim/init.lua:0
022.387  000.001  000.001: sourcing nvim_exec2() called at /home/theo/.config/nvim/init.lua:0
022.391  000.001  000.001: sourcing nvim_exec2() called at /home/theo/.config/nvim/init.lua:0
022.394  000.001  000.001: sourcing nvim_exec2() called at /home/theo/.config/nvim/init.lua:0
022.397  000.001  000.001: sourcing nvim_exec2() called at /home/theo/.config/nvim/init.lua:0
022.400  000.001  000.001: sourcing nvim_exec2() called at /home/theo/.config/nvim/init.lua:0
022.403  000.001  000.001: sourcing nvim_exec2() called at /home/theo/.config/nvim/init.lua:0
022.406  000.001  000.001: sourcing nvim_exec2() called at /home/theo/.config/nvim/init.lua:0
022.425  000.001  000.001: sourcing nvim_exec2() called at /home/theo/.config/nvim/init.lua:0
022.433  000.006  000.006: sourcing nvim_exec2() called at /home/theo/.config/nvim/init.lua:0
023.062  000.026  000.026: require('lualine.utils.mode')
023.194  000.005  000.005: sourcing nvim_exec2() called at /home/theo/.config/nvim/init.lua:0
023.200  000.003  000.003: sourcing nvim_exec2() called at /home/theo/.config/nvim/init.lua:0
023.308  000.003  000.003: sourcing nvim_exec2() called at /home/theo/.config/nvim/init.lua:0
023.314  000.002  000.002: sourcing nvim_exec2() called at /home/theo/.config/nvim/init.lua:0
023.318  000.001  000.001: sourcing nvim_exec2() called at /home/theo/.config/nvim/init.lua:0
023.322  000.001  000.001: sourcing nvim_exec2() called at /home/theo/.config/nvim/init.lua:0
023.325  000.001  000.001: sourcing nvim_exec2() called at /home/theo/.config/nvim/init.lua:0
023.328  000.001  000.001: sourcing nvim_exec2() called at /home/theo/.config/nvim/init.lua:0
023.332  000.001  000.001: sourcing nvim_exec2() called at /home/theo/.config/nvim/init.lua:0
023.337  000.001  000.001: sourcing nvim_exec2() called at /home/theo/.config/nvim/init.lua:0
023.340  000.001  000.001: sourcing nvim_exec2() called at /home/theo/.config/nvim/init.lua:0
023.344  000.001  000.001: sourcing nvim_exec2() called at /home/theo/.config/nvim/init.lua:0
023.347  000.001  000.001: sourcing nvim_exec2() called at /home/theo/.config/nvim/init.lua:0
023.364  000.001  000.001: sourcing nvim_exec2() called at /home/theo/.config/nvim/init.lua:0
023.368  000.001  000.001: sourcing nvim_exec2() called at /home/theo/.config/nvim/init.lua:0
023.371  000.001  000.001: sourcing nvim_exec2() called at /home/theo/.config/nvim/init.lua:0
023.376  000.001  000.001: sourcing nvim_exec2() called at /home/theo/.config/nvim/init.lua:0
023.379  000.001  000.001: sourcing nvim_exec2() called at /home/theo/.config/nvim/init.lua:0
023.383  000.001  000.001: sourcing nvim_exec2() called at /home/theo/.config/nvim/init.lua:0
023.405  000.001  000.001: sourcing nvim_exec2() called at /home/theo/.config/nvim/init.lua:0
023.409  000.001  000.001: sourcing nvim_exec2() called at /home/theo/.config/nvim/init.lua:0
023.412  000.001  000.001: sourcing nvim_exec2() called at /home/theo/.config/nvim/init.lua:0
023.416  000.001  000.001: sourcing nvim_exec2() called at /home/theo/.config/nvim/init.lua:0
023.500  000.003  000.003: sourcing nvim_exec2() called at /home/theo/.config/nvim/init.lua:0
023.504  000.001  000.001: sourcing nvim_exec2() called at /home/theo/.config/nvim/init.lua:0
023.506  000.001  000.001: sourcing nvim_exec2() called at /home/theo/.config/nvim/init.lua:0
023.510  000.002  000.002: sourcing nvim_exec2() called at /home/theo/.config/nvim/init.lua:0
023.785  000.005  000.005: sourcing nvim_exec2() called at /home/theo/.config/nvim/init.lua:0
023.793  000.002  000.002: sourcing nvim_exec2() called at /home/theo/.config/nvim/init.lua:0
023.798  000.002  000.002: sourcing nvim_exec2() called at /home/theo/.config/nvim/init.lua:0
023.801  000.001  000.001: sourcing nvim_exec2() called at /home/theo/.config/nvim/init.lua:0
023.805  000.001  000.001: sourcing nvim_exec2() called at /home/theo/.config/nvim/init.lua:0
023.808  000.001  000.001: sourcing nvim_exec2() called at /home/theo/.config/nvim/init.lua:0
023.812  000.001  000.001: sourcing nvim_exec2() called at /home/theo/.config/nvim/init.lua:0
023.818  000.001  000.001: sourcing nvim_exec2() called at /home/theo/.config/nvim/init.lua:0
023.821  000.001  000.001: sourcing nvim_exec2() called at /home/theo/.config/nvim/init.lua:0
023.825  000.001  000.001: sourcing nvim_exec2() called at /home/theo/.config/nvim/init.lua:0
023.828  000.001  000.001: sourcing nvim_exec2() called at /home/theo/.config/nvim/init.lua:0
023.832  000.001  000.001: sourcing nvim_exec2() called at /home/theo/.config/nvim/init.lua:0
023.835  000.001  000.001: sourcing nvim_exec2() called at /home/theo/.config/nvim/init.lua:0
023.839  000.001  000.001: sourcing nvim_exec2() called at /home/theo/.config/nvim/init.lua:0
023.843  000.001  000.001: sourcing nvim_exec2() called at /home/theo/.config/nvim/init.lua:0
023.847  000.001  000.001: sourcing nvim_exec2() called at /home/theo/.config/nvim/init.lua:0
023.850  000.001  000.001: sourcing nvim_exec2() called at /home/theo/.config/nvim/init.lua:0
023.853  000.001  000.001: sourcing nvim_exec2() called at /home/theo/.config/nvim/init.lua:0
023.856  000.001  000.001: sourcing nvim_exec2() called at /home/theo/.config/nvim/init.lua:0
023.860  000.001  000.001: sourcing nvim_exec2() called at /home/theo/.config/nvim/init.lua:0
023.863  000.001  000.001: sourcing nvim_exec2() called at /home/theo/.config/nvim/init.lua:0
023.867  000.001  000.001: sourcing nvim_exec2() called at /home/theo/.config/nvim/init.lua:0
023.885  000.001  000.001: sourcing nvim_exec2() called at /home/theo/.config/nvim/init.lua:0
024.017  000.001  000.001: sourcing nvim_exec2() called at /home/theo/.config/nvim/init.lua:0
024.021  000.001  000.001: sourcing nvim_exec2() called at /home/theo/.config/nvim/init.lua:0
024.051  000.001  000.001: sourcing nvim_exec2() called at /home/theo/.config/nvim/init.lua:0
024.055  000.001  000.001: sourcing nvim_exec2() called at /home/theo/.config/nvim/init.lua:0
024.064  000.001  000.001: sourcing nvim_exec2() called at /home/theo/.config/nvim/init.lua:0
024.100  000.005  000.005: sourcing nvim_exec2() called at /home/theo/.config/nvim/init.lua:0
024.115  000.003  000.003: sourcing nvim_exec2() called at /home/theo/.config/nvim/init.lua:0
024.124  000.008  000.008: sourcing nvim_exec2() called at /home/theo/.config/nvim/init.lua:0
024.129  000.003  000.003: sourcing nvim_exec2() called at /home/theo/.config/nvim/init.lua:0
024.133  000.002  000.002: sourcing nvim_exec2() called at /home/theo/.config/nvim/init.lua:0
024.589  000.027  000.027: require('nvim-treesitter.utils')
025.092  000.025  000.025: require('vim.treesitter.language')
025.113  000.019  000.019: require('vim.func')
025.143  000.028  000.028: require('vim.func._memoize')
025.162  000.136  000.064: require('vim.treesitter.query')
025.199  000.036  000.036: require('vim.treesitter._range')
025.215  000.261  000.089: require('vim.treesitter.languagetree')
025.220  000.304  000.043: require('vim.treesitter')
025.624  001.033  000.729: require('nvim-treesitter.parsers')
025.857  000.057  000.057: require('nvim-treesitter.compat')
025.962  000.068  000.068: require('nvim-treesitter.ts_utils')
025.966  000.108  000.040: require('nvim-treesitter.tsrange')
025.996  000.029  000.029: require('nvim-treesitter.caching')
026.004  000.265  000.071: require('nvim-treesitter.query')
026.017  000.345  000.080: require('nvim-treesitter.configs')
026.023  000.397  000.052: require('nvim-treesitter.info')
026.080  000.056  000.056: require('nvim-treesitter.shell_command_selectors')
026.101  001.597  000.084: require('nvim-treesitter.install')
026.131  000.028  000.028: require('nvim-treesitter.statusline')
026.173  000.041  000.041: require('nvim-treesitter.query_predicates')
026.178  001.932  000.266: require('nvim-treesitter')
026.570  002.349  000.416: sourcing /home/theo/.local/share/nvim/lazy/nvim-treesitter/plugin/nvim-treesitter.lua
026.574  002.371  000.022: sourcing nvim_exec2() called at /home/theo/.config/nvim/init.lua:0
026.578  000.001  000.001: sourcing nvim_exec2() called at /home/theo/.config/nvim/init.lua:0
026.587  000.001  000.001: sourcing nvim_exec2() called at /home/theo/.config/nvim/init.lua:0
027.378  000.063  000.063: require('nvim-treesitter.indent')
027.553  000.108  000.108: require('nvim-treesitter.locals')
027.556  000.161  000.053: require('nvim-treesitter.incremental_selection')
027.623  000.032  000.032: require('nvim-treesitter.highlight')
027.919  000.183  000.183: require('gitsigns')
028.067  000.127  000.127: require('gitsigns.highlight')
028.221  000.150  000.150: require('gitsigns.debug.log')
028.511  000.289  000.289: require('gitsigns.config')
028.916  000.053  000.053: require('gitsigns.debounce')
028.924  001.212  000.410: sourcing /home/theo/.local/share/nvim/lazy/gitsigns.nvim/plugin/gitsigns.lua
028.941  001.248  000.037: sourcing nvim_exec2() called at /home/theo/.config/nvim/init.lua:0
028.946  000.002  000.002: sourcing nvim_exec2() called at /home/theo/.config/nvim/init.lua:0
028.957  000.001  000.001: sourcing nvim_exec2() called at /home/theo/.config/nvim/init.lua:0
029.149  000.002  000.002: sourcing nvim_exec2() called at /home/theo/.config/nvim/init.lua:0
029.156  000.001  000.001: sourcing nvim_exec2() called at /home/theo/.config/nvim/init.lua:0
029.334  000.034  000.034: require('vim.lsp.log')
029.623  000.287  000.287: require('vim.lsp.protocol')
029.714  000.089  000.089: require('vim.lsp.util')
029.762  000.020  000.020: require('vim.lsp.sync')
029.764  000.048  000.028: require('vim.lsp._changetracking')
029.817  000.023  000.023: require('vim.lsp._transport')
029.825  000.060  000.037: require('vim.lsp.rpc')
029.858  000.627  000.109: require('vim.lsp')
030.110  000.252  000.252: require('lspconfig.util')
030.122  000.925  000.046: sourcing /home/theo/.local/share/nvim/lazy/nvim-lspconfig/plugin/lspconfig.lua
030.125  000.946  000.021: sourcing nvim_exec2() called at /home/theo/.config/nvim/init.lua:0
030.130  000.002  000.002: sourcing nvim_exec2() called at /home/theo/.config/nvim/init.lua:0
030.136  000.001  000.001: sourcing nvim_exec2() called at /home/theo/.config/nvim/init.lua:0
030.313  000.002  000.002: sourcing nvim_exec2() called at /home/theo/.config/nvim/init.lua:0
030.319  000.001  000.001: sourcing nvim_exec2() called at /home/theo/.config/nvim/init.lua:0
030.514  000.017  000.017: require('mason-lspconfig.settings')
030.516  000.171  000.153: require('mason-lspconfig')
030.575  000.020  000.020: require('cmp_nvim_lsp.source')
030.577  000.042  000.021: require('cmp_nvim_lsp')
030.579  000.062  000.020: require('plugins.lsp.handlers')
030.791  000.020  000.020: require('mason-lspconfig.mappings')
030.794  000.046  000.026: require('mason-lspconfig.features.automatic_enable')
034.518  000.037  000.037: require('mason-lspconfig.notify')
034.533  000.108  000.071: require('mason-lspconfig.api.command')
034.534  004.213  003.825: require('plugins.lsp.mason')
034.537  004.376  000.160: require('mason-lspconfig')
035.479  005.341  000.965: require('plugins.lsp.servers')
035.682  000.003  000.003: sourcing nvim_exec2() called at /home/theo/.config/nvim/init.lua:0
035.689  000.001  000.001: sourcing nvim_exec2() called at /home/theo/.config/nvim/init.lua:0
035.888  000.002  000.002: sourcing nvim_exec2() called at /home/theo/.config/nvim/init.lua:0
035.895  000.001  000.001: sourcing nvim_exec2() called at /home/theo/.config/nvim/init.lua:0
037.393  001.262  001.262: require('vim.filetype')
037.864  000.027  000.027: require('luasnip.util.types')
037.868  000.072  000.044: require('luasnip.util.ext_opts')
037.985  000.038  000.038: require('luasnip.util.lazy_table')
038.022  000.037  000.037: require('luasnip.extras.filetype_functions')
038.035  000.135  000.060: require('luasnip.default_config')
038.036  000.168  000.033: require('luasnip.session')
038.038  000.530  000.290: require('luasnip.config')
038.055  001.961  000.169: sourcing /home/theo/.local/share/nvim/lazy/LuaSnip/plugin/luasnip.lua
038.058  001.982  000.021: sourcing nvim_exec2() called at /home/theo/.config/nvim/init.lua:0
038.096  000.015  000.015: sourcing /home/theo/.local/share/nvim/lazy/LuaSnip/plugin/luasnip.vim
038.098  000.036  000.021: sourcing nvim_exec2() called at /home/theo/.config/nvim/init.lua:0
038.101  000.001  000.001: sourcing nvim_exec2() called at /home/theo/.config/nvim/init.lua:0
038.107  000.001  000.001: sourcing nvim_exec2() called at /home/theo/.config/nvim/init.lua:0
038.239  000.056  000.056: require('cmp.utils.api')
038.292  000.026  000.026: require('cmp.types.cmp')
038.385  000.055  000.055: require('cmp.utils.misc')
038.396  000.103  000.049: require('cmp.types.lsp')
038.420  000.023  000.023: require('cmp.types.vim')
038.421  000.181  000.028: require('cmp.types')
038.446  000.024  000.024: require('cmp.utils.highlight')
038.500  000.024  000.024: require('cmp.utils.debug')
038.502  000.056  000.032: require('cmp.utils.autocmd')
038.757  000.004  000.004: sourcing nvim_exec2() called at /home/theo/.local/share/nvim/lazy/nvim-cmp/plugin/cmp.lua:0
038.759  000.615  000.294: sourcing /home/theo/.local/share/nvim/lazy/nvim-cmp/plugin/cmp.lua
038.761  000.634  000.018: sourcing nvim_exec2() called at /home/theo/.config/nvim/init.lua:0
038.764  000.001  000.001: sourcing nvim_exec2() called at /home/theo/.config/nvim/init.lua:0
038.771  000.001  000.001: sourcing nvim_exec2() called at /home/theo/.config/nvim/init.lua:0
039.043  000.051  000.051: require('cmp.utils.char')
039.048  000.107  000.056: require('cmp.utils.str')
039.252  000.129  000.129: require('cmp.utils.buffer')
039.262  000.184  000.055: require('cmp.utils.keymap')
039.263  000.214  000.030: require('cmp.utils.feedkeys')
039.578  000.122  000.122: require('cmp.config.mapping')
039.623  000.043  000.043: require('cmp.utils.cache')
039.786  000.110  000.110: require('cmp.config.compare')
039.840  000.052  000.052: require('cmp.config.window')
039.841  000.216  000.054: require('cmp.config.default')
039.854  000.498  000.116: require('cmp.config')
039.871  000.607  000.109: require('cmp.utils.async')
039.989  000.047  000.047: require('cmp.utils.pattern')
039.992  000.121  000.074: require('cmp.context')
040.376  000.175  000.175: require('cmp.utils.snippet')
040.410  000.032  000.032: require('cmp.matcher')
040.508  000.436  000.229: require('cmp.entry')
040.512  000.519  000.083: require('cmp.source')
040.559  000.019  000.019: require('cmp.utils.event')
040.622  000.017  000.017: require('cmp.utils.options')
040.624  000.043  000.026: require('cmp.utils.window')
040.625  000.065  000.022: require('cmp.view.docs_view')
040.659  000.034  000.034: require('cmp.view.custom_entries_view')
040.686  000.026  000.026: require('cmp.view.wildmenu_entries_view')
040.709  000.022  000.022: require('cmp.view.native_entries_view')
040.735  000.025  000.025: require('cmp.view.ghost_text_view')
040.739  000.226  000.034: require('cmp.view')
041.089  002.248  000.453: require('cmp.core')
041.193  000.027  000.027: require('cmp.config.sources')
041.221  002.448  000.173: require('cmp')
041.347  000.024  000.024: require('vim.version')
042.050  000.746  000.721: require('luasnip.util.vimversion')
042.053  000.777  000.032: require('luasnip.util.util')
042.153  000.023  000.023: require('luasnip.util.str')
042.171  000.017  000.017: require('luasnip.util.table')
042.188  000.016  000.016: require('luasnip.nodes.key_indexer')
042.208  000.020  000.020: require('luasnip.util.feedkeys')
042.237  000.028  000.028: require('luasnip.nodes.util.snippet_string')
042.240  000.186  000.082: require('luasnip.nodes.util')
042.283  000.018  000.018: require('luasnip.session.snippet_collection.source')
042.300  000.017  000.017: require('luasnip.util.auto_table')
042.303  000.062  000.028: require('luasnip.session.snippet_collection')
042.362  000.018  000.018: require('luasnip.util.select')
042.378  000.015  000.015: require('luasnip.util.time')
042.538  000.215  000.182: require('luasnip.util._builtin_vars')
042.591  000.286  000.071: require('luasnip.util.environ')
042.614  000.022  000.022: require('luasnip.util.extend_decorator')
042.666  000.030  000.030: require('luasnip.util.path')
042.729  000.040  000.040: require('luasnip.util.log')
042.731  000.064  000.024: require('luasnip.loaders.util')
042.750  000.018  000.018: require('luasnip.loaders.data')
042.784  000.034  000.034: require('luasnip.loaders.fs_watchers')
042.786  000.171  000.026: require('luasnip.loaders')
042.796  001.574  000.068: require('luasnip')
043.186  000.003  000.003: sourcing nvim_exec2() called at /home/theo/.config/nvim/init.lua:0
043.193  000.001  000.001: sourcing nvim_exec2() called at /home/theo/.config/nvim/init.lua:0
043.429  000.023  000.023: require('toggleterm.lazy')
043.450  000.019  000.019: require('toggleterm.constants')
043.517  000.066  000.066: require('toggleterm.terminal')
043.522  000.327  000.219: require('toggleterm')
043.576  000.025  000.025: require('toggleterm.colors')
043.633  000.042  000.042: require('toggleterm.utils')
043.638  000.115  000.047: require('toggleterm.config')
044.288  000.041  000.041: require('toggleterm.commandline')
044.429  000.030  000.030: sourcing /usr/share/nvim/runtime/plugin/editorconfig.lua
044.432  000.049  000.019: sourcing nvim_exec2() called at /home/theo/.config/nvim/init.lua:0
044.529  000.081  000.081: sourcing /usr/share/nvim/runtime/plugin/gzip.vim
044.530  000.095  000.015: sourcing nvim_exec2() called at /home/theo/.config/nvim/init.lua:0
044.576  000.029  000.029: sourcing /usr/share/nvim/runtime/plugin/man.lua
044.578  000.043  000.014: sourcing nvim_exec2() called at /home/theo/.config/nvim/init.lua:0
044.972  000.091  000.091: sourcing /usr/share/nvim/runtime/pack/dist/opt/matchit/plugin/matchit.vim
044.981  000.390  000.298: sourcing /usr/share/nvim/runtime/plugin/matchit.vim
044.983  000.403  000.014: sourcing nvim_exec2() called at /home/theo/.config/nvim/init.lua:0
045.060  000.061  000.061: sourcing /usr/share/nvim/runtime/plugin/matchparen.vim
045.062  000.075  000.014: sourcing nvim_exec2() called at /home/theo/.config/nvim/init.lua:0
045.080  000.004  000.004: sourcing /usr/share/nvim/runtime/plugin/netrwPlugin.vim
045.083  000.019  000.015: sourcing nvim_exec2() called at /home/theo/.config/nvim/init.lua:0
045.129  000.030  000.030: sourcing /usr/share/nvim/runtime/plugin/osc52.lua
045.130  000.043  000.013: sourcing nvim_exec2() called at /home/theo/.config/nvim/init.lua:0
045.215  000.071  000.071: sourcing /usr/share/nvim/runtime/plugin/rplugin.vim
045.217  000.084  000.014: sourcing nvim_exec2() called at /home/theo/.config/nvim/init.lua:0
045.258  000.027  000.027: sourcing /usr/share/nvim/runtime/plugin/shada.vim
045.260  000.040  000.013: sourcing nvim_exec2() called at /home/theo/.config/nvim/init.lua:0
045.284  000.008  000.008: sourcing /usr/share/nvim/runtime/plugin/spellfile.vim
045.286  000.023  000.015: sourcing nvim_exec2() called at /home/theo/.config/nvim/init.lua:0
045.349  000.043  000.043: sourcing /usr/share/nvim/runtime/plugin/tarPlugin.vim
045.350  000.057  000.014: sourcing nvim_exec2() called at /home/theo/.config/nvim/init.lua:0
045.393  000.026  000.026: sourcing /usr/share/nvim/runtime/plugin/tohtml.lua
045.395  000.040  000.014: sourcing nvim_exec2() called at /home/theo/.config/nvim/init.lua:0
045.420  000.010  000.010: sourcing /usr/share/nvim/runtime/plugin/tutor.vim
045.422  000.023  000.014: sourcing nvim_exec2() called at /home/theo/.config/nvim/init.lua:0
045.493  000.056  000.056: sourcing /usr/share/nvim/runtime/plugin/zipPlugin.vim
045.495  000.070  000.013: sourcing nvim_exec2() called at /home/theo/.config/nvim/init.lua:0
045.795  000.046  000.046: require('cmp_path')
045.813  000.103  000.057: sourcing /home/theo/.local/share/nvim/lazy/cmp-path/after/plugin/cmp_path.lua
045.815  000.127  000.023: sourcing nvim_exec2() called at /home/theo/.config/nvim/init.lua:0
046.004  000.023  000.023: require('cmp_buffer.timer')
046.007  000.057  000.034: require('cmp_buffer.buffer')
046.008  000.088  000.031: require('cmp_buffer.source')
046.009  000.113  000.025: require('cmp_buffer')
046.021  000.153  000.040: sourcing /home/theo/.local/share/nvim/lazy/cmp-buffer/after/plugin/cmp_buffer.lua
046.024  000.175  000.022: sourcing nvim_exec2() called at /home/theo/.config/nvim/init.lua:0
046.092  000.024  000.024: sourcing /home/theo/.local/share/nvim/lazy/cmp-nvim-lsp/after/plugin/cmp_nvim_lsp.lua
046.095  000.046  000.022: sourcing nvim_exec2() called at /home/theo/.config/nvim/init.lua:0
046.117  043.595  013.615: sourcing /home/theo/.config/nvim/init.lua
046.120  000.572: sourcing vimrc file(s)
046.406  000.024  000.024: sourcing /usr/share/nvim/runtime/filetype.lua
046.564  000.033  000.033: sourcing /usr/share/nvim/runtime/syntax/synload.vim
046.604  000.146  000.113: sourcing /usr/share/nvim/runtime/syntax/syntax.vim
046.610  000.320: inits 3
047.893  001.283: reading ShaDa
120081.820  000.127  000.127: require('gitsigns.async')
120081.968  120033.948: --- NVIM STARTED ---

